g:\projects\tribemember plus\tribemember plus\x64\release\main.obj
g:\projects\tribemember plus\tribemember plus\x64\release\imgui_impl_win32.obj
g:\projects\tribemember plus\tribemember plus\x64\release\imgui_impl_opengl3.obj
g:\projects\tribemember plus\tribemember plus\x64\release\imgui_widgets.obj
g:\projects\tribemember plus\tribemember plus\x64\release\imgui_draw.obj
g:\projects\tribemember plus\tribemember plus\x64\release\imgui_demo.obj
g:\projects\tribemember plus\tribemember plus\x64\release\imgui_tables.obj
g:\projects\tribemember plus\tribemember plus\x64\release\imgui_impl_glfw.obj
g:\projects\tribemember plus\tribemember plus\x64\release\imgui.obj
g:\projects\tribemember plus\tribemember plus\x64\release\vc143.pdb
g:\projects\tribemember plus\tribemember plus\x64\release\tribemember plus.ipdb
g:\projects\tribemember plus\tribemember plus\x64\release\tribemember plus.iobj
g:\projects\tribemember plus\x64\release\tribemember plus.pdb
g:\projects\tribemember plus\tribemember plus\x64\release\tribemember plus.tlog\cl.command.1.tlog
g:\projects\tribemember plus\tribemember plus\x64\release\tribemember plus.tlog\cl.items.tlog
g:\projects\tribemember plus\tribemember plus\x64\release\tribemember plus.tlog\cl.read.1.tlog
g:\projects\tribemember plus\tribemember plus\x64\release\tribemember plus.tlog\cl.write.1.tlog
g:\projects\tribemember plus\tribemember plus\x64\release\tribemember plus.tlog\link.command.1.tlog
g:\projects\tribemember plus\tribemember plus\x64\release\tribemember plus.tlog\link.read.1.tlog
g:\projects\tribemember plus\tribemember plus\x64\release\tribemember plus.tlog\link.secondary.1.tlog
g:\projects\tribemember plus\tribemember plus\x64\release\tribemember plus.tlog\link.write.1.tlog
